Arguments: 
  /usr/local/Cellar/node/12.8.0/bin/node /usr/local/Cellar/yarn/1.17.3/libexec/bin/yarn.js add @blueprint/core

PATH: 
  /Users/hectordeluna/Library/Haskell/bin:/usr/local/bin:/usr/bin:/bin:/usr/sbin:/sbin

Yarn version: 
  1.17.3

Node version: 
  12.8.0

Platform: 
  darwin x64

Trace: 
  Error: https://registry.yarnpkg.com/@blueprint%2fcore: Not found
      at Request.params.callback [as _callback] (/usr/local/Cellar/yarn/1.17.3/libexec/lib/cli.js:66830:18)
      at Request.self.callback (/usr/local/Cellar/yarn/1.17.3/libexec/lib/cli.js:140464:22)
      at Request.emit (events.js:203:13)
      at Request.<anonymous> (/usr/local/Cellar/yarn/1.17.3/libexec/lib/cli.js:141436:10)
      at Request.emit (events.js:203:13)
      at IncomingMessage.<anonymous> (/usr/local/Cellar/yarn/1.17.3/libexec/lib/cli.js:141358:12)
      at Object.onceWrapper (events.js:291:20)
      at IncomingMessage.emit (events.js:208:15)
      at endReadableNT (_stream_readable.js:1168:12)
      at processTicksAndRejections (internal/process/task_queues.js:77:11)

npm manifest: 
  {
    "name": "noteit",
    "version": "1.0.0",
    "description": "",
    "main": "index.js",
    "scripts": {
      "test": "echo \"Error: no test specified\" && exit 1",
      "server": "nodemon index.js",
      "client": "npm run start --prefix noteit",
      "dev": "concurrently --kill-others-on-fail \"npm run server\" \"npm run client\"",
      "start": "node index.js"
    },
    "keywords": [],
    "author": "",
    "license": "ISC",
    "dependencies": {
      "@blueprintjs/core": "^3.17.2",
      "axios": "^0.19.0",
      "bcryptjs": "^2.4.3",
      "body-parser": "^1.19.0",
      "classnames": "^2.2.6",
      "express": "^4.17.1",
      "is-empty": "^1.2.0",
      "jsonwebtoken": "^8.5.1",
      "jwt-decode": "^2.2.0",
      "mongoose": "^5.7.11",
      "passport": "^0.4.0",
      "passport-jwt": "^4.0.0",
      "react": "^16.12.0",
      "react-dom": "^16.12.0",
      "react-icons": "^3.8.0",
      "react-redux": "^7.1.3",
      "react-router-dom": "^5.1.2",
      "redux": "^4.0.4",
      "redux-thunk": "^2.3.0",
      "validator": "^12.0.0"
    },
    "devDependencies": {
      "concurrently": "^5.0.0",
      "nodemon": "^1.19.4"
    },
    "proxy": "http://localhost:5000"
  }

yarn manifest: 
  No manifest

Lockfile: 
  No lockfile
